生成启动时间为 15/10/22 15:27:53。
     1>项目“Z:\repo\MathExpPlotter\MathExpPlotter\MathExpPlotter.vcxproj”在节点 2 上(Build 个目标)。
     1>ClCompile:
         C:\Users\joshoy\apps\VisualStudio2015\VC\bin\CL.exe /c /ZI /nologo /W3 /WX- /Od /Oy- /D WIN32 /D _DEBUG /D _WINDOWS /D _UNICODE /D UNICODE /Gm /EHsc /RTC1 /MDd /GS /fp:precise /Zc:wchar_t /Zc:forScope /Zc:inline /Fo"Debug\\" /Fd"Debug\vc140.pdb" /Gd /TP /analyze- /errorReport:prompt CanavsController.cpp Main.cpp
         CanavsController.cpp
     1>z:\repo\mathexpplotter\mathexpplotter\canavscontroller.cpp(140): warning C4996: '_swprintf': This function or variable may be unsafe. Consider using _swprintf_s instead. To disable deprecation, use _CRT_SECURE_NO_WARNINGS. See online help for details.
         c:\program files (x86)\windows kits\10\include\10.0.10150.0\ucrt\corecrt_wstdio.h(1444): note: 参见“_swprintf”的声明
     1>z:\repo\mathexpplotter\mathexpplotter\canavscontroller.cpp(148): warning C4996: '_swprintf': This function or variable may be unsafe. Consider using _swprintf_s instead. To disable deprecation, use _CRT_SECURE_NO_WARNINGS. See online help for details.
         c:\program files (x86)\windows kits\10\include\10.0.10150.0\ucrt\corecrt_wstdio.h(1444): note: 参见“_swprintf”的声明
         正在生成代码...
         正在编译...
         Main.cpp
         正在生成代码...
       Link:
         C:\Users\joshoy\apps\VisualStudio2015\VC\bin\link.exe /ERRORREPORT:PROMPT /OUT:"Z:\repo\MathExpPlotter\Debug\MathExpPlotter.exe" /INCREMENTAL /NOLOGO kernel32.lib user32.lib gdi32.lib winspool.lib comdlg32.lib advapi32.lib shell32.lib ole32.lib oleaut32.lib uuid.lib odbc32.lib odbccp32.lib /MANIFEST /MANIFESTUAC:"level='asInvoker' uiAccess='false'" /manifest:embed /Debug /PDB:"Z:\repo\MathExpPlotter\Debug\MathExpPlotter.pdb" /SUBSYSTEM:WINDOWS /TLBID:1 /DYNAMICBASE /NXCOMPAT /IMPLIB:"Z:\repo\MathExpPlotter\Debug\MathExpPlotter.lib" /MACHINE:X86 Debug\CanavsController.obj
         Debug\Main.obj
         Debug\MathExp.obj
         MathExpPlotter.vcxproj -> Z:\repo\MathExpPlotter\Debug\MathExpPlotter.exe
     1>已完成生成项目“Z:\repo\MathExpPlotter\MathExpPlotter\MathExpPlotter.vcxproj”(Build 个目标)的操作。

已成功生成。

已用时间 00:00:02.34
